<?xml version="1.0" encoding="UTF-8"?>
<!-- Generated by org.testng.reporters.JUnitXMLReporter -->
<testsuite ignored="0" hostname="efbadadfdeceeafddfddddfcefafdedb-0" failures="0" tests="0" time="0.1" errors="0" timestamp="2023-08-09T10:14:24 UTC">
  <testcase classname="com.examly.springapp.SpringApplicationTests" name="@BeforeTest beforeTest" time="0.034">
    <failure type="java.net.MalformedURLException" message="Error at index 0 in: &amp;quot;port&amp;gt;&amp;quot;">
      <![CDATA[java.net.MalformedURLException: Error at index 0 in: "port>"
at java.base/java.net.URL.<init>(URL.java:679)
at java.base/java.net.URL.<init>(URL.java:541)
at java.base/java.net.URL.<init>(URL.java:488)
at com.examly.springapp.SpringApplicationTests.beforeTest(SpringApplicationTests.java:22)
Caused by: java.lang.NumberFormatException: Error at index 0 in: "port>"
at java.base/java.lang.NumberFormatException.forCharSequence(NumberFormatException.java:81)
at java.base/java.lang.Integer.parseInt(Integer.java:735)
at java.base/java.net.URLStreamHandler.parseURL(URLStreamHandler.java:223)
at java.base/java.net.URL.<init>(URL.java:674)
... 32 more
... Removed 29 stack frames]]>
    </failure>
  </testcase> <!-- @BeforeTest beforeTest -->
  <testcase classname="com.examly.springapp.SpringApplicationTests" name="@AfterTest afterTest" time="0.0">
    <skipped/>
  </testcase> <!-- @AfterTest afterTest -->
</testsuite>
